{"C:\\Users\\karowrld\\fitness-blender\\index.js": {"path":"C:\\Users\\karowrld\\fitness-blender\\index.js","statementMap":{"0":{"start":{"line":1,"column":16},"end":{"line":1,"column":34}},"1":{"start":{"line":2,"column":16},"end":{"line":2,"column":34}},"2":{"start":{"line":3,"column":12},"end":{"line":3,"column":21}},"3":{"start":{"line":5,"column":0},"end":{"line":5,"column":48}},"4":{"start":{"line":6,"column":0},"end":{"line":6,"column":50}},"5":{"start":{"line":7,"column":0},"end":{"line":7,"column":43}},"6":{"start":{"line":8,"column":0},"end":{"line":8,"column":47}},"7":{"start":{"line":9,"column":0},"end":{"line":9,"column":51}},"8":{"start":{"line":10,"column":0},"end":{"line":10,"column":48}},"9":{"start":{"line":15,"column":0},"end":{"line":17,"column":3}},"10":{"start":{"line":16,"column":3},"end":{"line":16,"column":30}},"11":{"start":{"line":19,"column":13},"end":{"line":19,"column":37}},"12":{"start":{"line":20,"column":15},"end":{"line":20,"column":83}},"13":{"start":{"line":20,"column":38},"end":{"line":20,"column":82}},"14":{"start":{"line":22,"column":0},"end":{"line":22,"column":24}}},"fnMap":{"0":{"name":"(anonymous_0)","decl":{"start":{"line":15,"column":13},"end":{"line":15,"column":14}},"loc":{"start":{"line":15,"column":27},"end":{"line":17,"column":1}},"line":15},"1":{"name":"(anonymous_1)","decl":{"start":{"line":20,"column":32},"end":{"line":20,"column":33}},"loc":{"start":{"line":20,"column":38},"end":{"line":20,"column":82}},"line":20}},"branchMap":{"0":{"loc":{"start":{"line":19,"column":13},"end":{"line":19,"column":37}},"type":"binary-expr","locations":[{"start":{"line":19,"column":13},"end":{"line":19,"column":29}},{"start":{"line":19,"column":33},"end":{"line":19,"column":37}}],"line":19}},"s":{"0":3,"1":3,"2":3,"3":3,"4":3,"5":3,"6":3,"7":3,"8":3,"9":3,"10":0,"11":3,"12":3,"13":3,"14":3},"f":{"0":0,"1":3},"b":{"0":[3,3]},"_coverageSchema":"43e27e138ebf9cfc5966b082cf9a028302ed4184","hash":"6983fad9d7585e09785bbb9060c7e22e268a0853"}
,"C:\\Users\\karowrld\\fitness-blender\\middleware\\admin.js": {"path":"C:\\Users\\karowrld\\fitness-blender\\middleware\\admin.js","statementMap":{"0":{"start":{"line":1,"column":0},"end":{"line":4,"column":1}},"1":{"start":{"line":2,"column":4},"end":{"line":2,"column":73}},"2":{"start":{"line":2,"column":27},"end":{"line":2,"column":73}},"3":{"start":{"line":3,"column":4},"end":{"line":3,"column":11}}},"fnMap":{"0":{"name":"(anonymous_0)","decl":{"start":{"line":1,"column":17},"end":{"line":1,"column":18}},"loc":{"start":{"line":1,"column":43},"end":{"line":4,"column":1}},"line":1}},"branchMap":{"0":{"loc":{"start":{"line":2,"column":4},"end":{"line":2,"column":73}},"type":"if","locations":[{"start":{"line":2,"column":4},"end":{"line":2,"column":73}},{"start":{"line":2,"column":4},"end":{"line":2,"column":73}}],"line":2}},"s":{"0":3,"1":0,"2":0,"3":0},"f":{"0":0},"b":{"0":[0,0]},"_coverageSchema":"43e27e138ebf9cfc5966b082cf9a028302ed4184","hash":"8f0cfd770c6368293381a78445518a0025a42b36"}
,"C:\\Users\\karowrld\\fitness-blender\\middleware\\auth.js": {"path":"C:\\Users\\karowrld\\fitness-blender\\middleware\\auth.js","statementMap":{"0":{"start":{"line":1,"column":12},"end":{"line":1,"column":35}},"1":{"start":{"line":2,"column":15},"end":{"line":2,"column":32}},"2":{"start":{"line":4,"column":0},"end":{"line":17,"column":1}},"3":{"start":{"line":5,"column":18},"end":{"line":5,"column":44}},"4":{"start":{"line":6,"column":4},"end":{"line":6,"column":75}},"5":{"start":{"line":6,"column":17},"end":{"line":6,"column":75}},"6":{"start":{"line":8,"column":4},"end":{"line":15,"column":5}},"7":{"start":{"line":9,"column":22},"end":{"line":9,"column":68}},"8":{"start":{"line":10,"column":6},"end":{"line":10,"column":25}},"9":{"start":{"line":11,"column":6},"end":{"line":11,"column":13}},"10":{"start":{"line":14,"column":6},"end":{"line":14,"column":43}}},"fnMap":{"0":{"name":"(anonymous_0)","decl":{"start":{"line":4,"column":17},"end":{"line":4,"column":18}},"loc":{"start":{"line":4,"column":43},"end":{"line":17,"column":1}},"line":4}},"branchMap":{"0":{"loc":{"start":{"line":6,"column":4},"end":{"line":6,"column":75}},"type":"if","locations":[{"start":{"line":6,"column":4},"end":{"line":6,"column":75}},{"start":{"line":6,"column":4},"end":{"line":6,"column":75}}],"line":6}},"s":{"0":4,"1":4,"2":4,"3":19,"4":19,"5":3,"6":19,"7":19,"8":15,"9":15,"10":4},"f":{"0":19},"b":{"0":[3,16]},"_coverageSchema":"43e27e138ebf9cfc5966b082cf9a028302ed4184","hash":"65f9d3e78c4241914468bf1e22051f1fd9e429dd"}
,"C:\\Users\\karowrld\\fitness-blender\\middleware\\error.js": {"path":"C:\\Users\\karowrld\\fitness-blender\\middleware\\error.js","statementMap":{"0":{"start":{"line":1,"column":16},"end":{"line":1,"column":34}},"1":{"start":{"line":3,"column":0},"end":{"line":9,"column":2}},"2":{"start":{"line":4,"column":4},"end":{"line":4,"column":36}},"3":{"start":{"line":8,"column":4},"end":{"line":8,"column":46}}},"fnMap":{"0":{"name":"(anonymous_0)","decl":{"start":{"line":3,"column":17},"end":{"line":3,"column":18}},"loc":{"start":{"line":3,"column":47},"end":{"line":9,"column":2}},"line":3}},"branchMap":{},"s":{"0":3,"1":3,"2":5,"3":5},"f":{"0":5},"b":{},"_coverageSchema":"43e27e138ebf9cfc5966b082cf9a028302ed4184","hash":"8e6c6ed81f621c085cd94f9dfc2846ee2e2bd316"}
,"C:\\Users\\karowrld\\fitness-blender\\middleware\\validate.js": {"path":"C:\\Users\\karowrld\\fitness-blender\\middleware\\validate.js","statementMap":{"0":{"start":{"line":1,"column":0},"end":{"line":7,"column":1}},"1":{"start":{"line":2,"column":4},"end":{"line":6,"column":5}},"2":{"start":{"line":3,"column":23},"end":{"line":3,"column":42}},"3":{"start":{"line":4,"column":5},"end":{"line":4,"column":70}},"4":{"start":{"line":4,"column":16},"end":{"line":4,"column":70}},"5":{"start":{"line":5,"column":5},"end":{"line":5,"column":12}}},"fnMap":{"0":{"name":"(anonymous_0)","decl":{"start":{"line":1,"column":17},"end":{"line":1,"column":18}},"loc":{"start":{"line":1,"column":32},"end":{"line":7,"column":1}},"line":1},"1":{"name":"(anonymous_1)","decl":{"start":{"line":2,"column":11},"end":{"line":2,"column":12}},"loc":{"start":{"line":2,"column":31},"end":{"line":6,"column":5}},"line":2}},"branchMap":{"0":{"loc":{"start":{"line":4,"column":5},"end":{"line":4,"column":70}},"type":"if","locations":[{"start":{"line":4,"column":5},"end":{"line":4,"column":70}},{"start":{"line":4,"column":5},"end":{"line":4,"column":70}}],"line":4}},"s":{"0":3,"1":3,"2":9,"3":9,"4":2,"5":7},"f":{"0":3,"1":9},"b":{"0":[2,7]},"_coverageSchema":"43e27e138ebf9cfc5966b082cf9a028302ed4184","hash":"ae2b47b7181556254ad6dedfc4ec5dd7285a176e"}
,"C:\\Users\\karowrld\\fitness-blender\\middleware\\validateObjectId.js": {"path":"C:\\Users\\karowrld\\fitness-blender\\middleware\\validateObjectId.js","statementMap":{"0":{"start":{"line":1,"column":17},"end":{"line":1,"column":36}},"1":{"start":{"line":4,"column":0},"end":{"line":7,"column":1}},"2":{"start":{"line":5,"column":4},"end":{"line":6,"column":47}},"3":{"start":{"line":6,"column":4},"end":{"line":6,"column":47}}},"fnMap":{"0":{"name":"(anonymous_0)","decl":{"start":{"line":4,"column":17},"end":{"line":4,"column":18}},"loc":{"start":{"line":4,"column":28},"end":{"line":7,"column":1}},"line":4}},"branchMap":{"0":{"loc":{"start":{"line":5,"column":4},"end":{"line":6,"column":47}},"type":"if","locations":[{"start":{"line":5,"column":4},"end":{"line":6,"column":47}},{"start":{"line":5,"column":4},"end":{"line":6,"column":47}}],"line":5}},"s":{"0":3,"1":3,"2":1,"3":0},"f":{"0":1},"b":{"0":[0,0]},"_coverageSchema":"43e27e138ebf9cfc5966b082cf9a028302ed4184","hash":"78a33fc81f825b801191d27b4925c8e9eb57c521"}
,"C:\\Users\\karowrld\\fitness-blender\\models\\blender.js": {"path":"C:\\Users\\karowrld\\fitness-blender\\models\\blender.js","statementMap":{"0":{"start":{"line":1,"column":12},"end":{"line":1,"column":26}},"1":{"start":{"line":2,"column":17},"end":{"line":2,"column":36}},"2":{"start":{"line":4,"column":22},"end":{"line":11,"column":2}},"3":{"start":{"line":14,"column":16},"end":{"line":14,"column":56}},"4":{"start":{"line":17,"column":19},"end":{"line":19,"column":5}},"5":{"start":{"line":21,"column":4},"end":{"line":21,"column":41}},"6":{"start":{"line":24,"column":0},"end":{"line":24,"column":38}},"7":{"start":{"line":25,"column":0},"end":{"line":25,"column":26}},"8":{"start":{"line":26,"column":0},"end":{"line":26,"column":35}}},"fnMap":{"0":{"name":"validateBlender","decl":{"start":{"line":16,"column":9},"end":{"line":16,"column":24}},"loc":{"start":{"line":16,"column":34},"end":{"line":22,"column":1}},"line":16}},"branchMap":{},"s":{"0":3,"1":3,"2":3,"3":3,"4":5,"5":5,"6":3,"7":3,"8":3},"f":{"0":5},"b":{},"_coverageSchema":"43e27e138ebf9cfc5966b082cf9a028302ed4184","hash":"94b0fc8eb7115ded3a314a43815749cc17318f09"}
,"C:\\Users\\karowrld\\fitness-blender\\models\\customer.js": {"path":"C:\\Users\\karowrld\\fitness-blender\\models\\customer.js","statementMap":{"0":{"start":{"line":1,"column":12},"end":{"line":1,"column":26}},"1":{"start":{"line":2,"column":17},"end":{"line":2,"column":36}},"2":{"start":{"line":4,"column":17},"end":{"line":21,"column":3}},"3":{"start":{"line":24,"column":19},"end":{"line":28,"column":5}},"4":{"start":{"line":30,"column":4},"end":{"line":30,"column":42}},"5":{"start":{"line":33,"column":0},"end":{"line":33,"column":28}},"6":{"start":{"line":34,"column":0},"end":{"line":34,"column":36}}},"fnMap":{"0":{"name":"validateCustomer","decl":{"start":{"line":23,"column":9},"end":{"line":23,"column":25}},"loc":{"start":{"line":23,"column":36},"end":{"line":31,"column":1}},"line":23}},"branchMap":{},"s":{"0":3,"1":3,"2":3,"3":0,"4":0,"5":3,"6":3},"f":{"0":0},"b":{},"_coverageSchema":"43e27e138ebf9cfc5966b082cf9a028302ed4184","hash":"7274699cf4b0c13830c9d1d816614cf26c23f2ce"}
,"C:\\Users\\karowrld\\fitness-blender\\models\\meal.js": {"path":"C:\\Users\\karowrld\\fitness-blender\\models\\meal.js","statementMap":{"0":{"start":{"line":1,"column":12},"end":{"line":1,"column":26}},"1":{"start":{"line":2,"column":17},"end":{"line":2,"column":36}},"2":{"start":{"line":4,"column":13},"end":{"line":52,"column":3}},"3":{"start":{"line":55,"column":19},"end":{"line":58,"column":5}},"4":{"start":{"line":60,"column":4},"end":{"line":60,"column":41}},"5":{"start":{"line":63,"column":0},"end":{"line":63,"column":20}},"6":{"start":{"line":64,"column":0},"end":{"line":64,"column":32}}},"fnMap":{"0":{"name":"validateMeal","decl":{"start":{"line":54,"column":9},"end":{"line":54,"column":21}},"loc":{"start":{"line":54,"column":28},"end":{"line":61,"column":1}},"line":54}},"branchMap":{},"s":{"0":3,"1":3,"2":3,"3":0,"4":0,"5":3,"6":3},"f":{"0":0},"b":{},"_coverageSchema":"43e27e138ebf9cfc5966b082cf9a028302ed4184","hash":"c7ccc357acb3710507d6fb978eda8fb430bc162f"}
,"C:\\Users\\karowrld\\fitness-blender\\models\\program.js": {"path":"C:\\Users\\karowrld\\fitness-blender\\models\\program.js","statementMap":{"0":{"start":{"line":1,"column":12},"end":{"line":1,"column":26}},"1":{"start":{"line":2,"column":17},"end":{"line":2,"column":36}},"2":{"start":{"line":3,"column":24},"end":{"line":3,"column":44}},"3":{"start":{"line":6,"column":16},"end":{"line":30,"column":3}},"4":{"start":{"line":33,"column":19},"end":{"line":38,"column":5}},"5":{"start":{"line":40,"column":4},"end":{"line":40,"column":41}},"6":{"start":{"line":43,"column":0},"end":{"line":43,"column":26}},"7":{"start":{"line":44,"column":0},"end":{"line":44,"column":35}}},"fnMap":{"0":{"name":"validateProgram","decl":{"start":{"line":32,"column":9},"end":{"line":32,"column":24}},"loc":{"start":{"line":32,"column":34},"end":{"line":41,"column":1}},"line":32}},"branchMap":{},"s":{"0":3,"1":3,"2":3,"3":3,"4":0,"5":0,"6":3,"7":3},"f":{"0":0},"b":{},"_coverageSchema":"43e27e138ebf9cfc5966b082cf9a028302ed4184","hash":"ed9771ef7bd0547bb496acef076f0cd46ff08a15"}
,"C:\\Users\\karowrld\\fitness-blender\\models\\user.js": {"path":"C:\\Users\\karowrld\\fitness-blender\\models\\user.js","statementMap":{"0":{"start":{"line":1,"column":15},"end":{"line":1,"column":32}},"1":{"start":{"line":2,"column":12},"end":{"line":2,"column":35}},"2":{"start":{"line":3,"column":12},"end":{"line":3,"column":26}},"3":{"start":{"line":4,"column":17},"end":{"line":4,"column":36}},"4":{"start":{"line":7,"column":19},"end":{"line":28,"column":2}},"5":{"start":{"line":30,"column":0},"end":{"line":33,"column":1}},"6":{"start":{"line":31,"column":17},"end":{"line":31,"column":96}},"7":{"start":{"line":32,"column":3},"end":{"line":32,"column":16}},"8":{"start":{"line":35,"column":13},"end":{"line":35,"column":47}},"9":{"start":{"line":38,"column":19},"end":{"line":42,"column":5}},"10":{"start":{"line":43,"column":4},"end":{"line":43,"column":38}},"11":{"start":{"line":46,"column":0},"end":{"line":46,"column":20}},"12":{"start":{"line":47,"column":0},"end":{"line":47,"column":32}}},"fnMap":{"0":{"name":"(anonymous_0)","decl":{"start":{"line":30,"column":39},"end":{"line":30,"column":40}},"loc":{"start":{"line":30,"column":50},"end":{"line":33,"column":1}},"line":30},"1":{"name":"validateUser","decl":{"start":{"line":37,"column":9},"end":{"line":37,"column":21}},"loc":{"start":{"line":37,"column":28},"end":{"line":44,"column":1}},"line":37}},"branchMap":{},"s":{"0":5,"1":5,"2":5,"3":5,"4":5,"5":5,"6":20,"7":20,"8":5,"9":0,"10":0,"11":5,"12":5},"f":{"0":20,"1":0},"b":{},"_coverageSchema":"43e27e138ebf9cfc5966b082cf9a028302ed4184","hash":"24f244d49814bbc27871b82debc9ee7157c1fa48"}
,"C:\\Users\\karowrld\\fitness-blender\\routes\\auth.js": {"path":"C:\\Users\\karowrld\\fitness-blender\\routes\\auth.js","statementMap":{"0":{"start":{"line":1,"column":15},"end":{"line":1,"column":32}},"1":{"start":{"line":2,"column":12},"end":{"line":2,"column":35}},"2":{"start":{"line":3,"column":12},"end":{"line":3,"column":26}},"3":{"start":{"line":4,"column":15},"end":{"line":4,"column":32}},"4":{"start":{"line":5,"column":10},"end":{"line":5,"column":27}},"5":{"start":{"line":6,"column":15},"end":{"line":6,"column":40}},"6":{"start":{"line":7,"column":17},"end":{"line":7,"column":36}},"7":{"start":{"line":8,"column":16},"end":{"line":8,"column":34}},"8":{"start":{"line":9,"column":15},"end":{"line":9,"column":31}},"9":{"start":{"line":11,"column":0},"end":{"line":24,"column":3}},"10":{"start":{"line":12,"column":19},"end":{"line":12,"column":37}},"11":{"start":{"line":13,"column":1},"end":{"line":13,"column":66}},"12":{"start":{"line":13,"column":12},"end":{"line":13,"column":66}},"13":{"start":{"line":15,"column":12},"end":{"line":15,"column":57}},"14":{"start":{"line":16,"column":1},"end":{"line":16,"column":70}},"15":{"start":{"line":16,"column":12},"end":{"line":16,"column":70}},"16":{"start":{"line":18,"column":24},"end":{"line":18,"column":78}},"17":{"start":{"line":19,"column":2},"end":{"line":19,"column":80}},"18":{"start":{"line":19,"column":22},"end":{"line":19,"column":80}},"19":{"start":{"line":21,"column":16},"end":{"line":21,"column":40}},"20":{"start":{"line":22,"column":2},"end":{"line":22,"column":18}},"21":{"start":{"line":27,"column":19},"end":{"line":30,"column":5}},"22":{"start":{"line":31,"column":4},"end":{"line":31,"column":37}},"23":{"start":{"line":34,"column":0},"end":{"line":34,"column":24}}},"fnMap":{"0":{"name":"(anonymous_0)","decl":{"start":{"line":11,"column":17},"end":{"line":11,"column":18}},"loc":{"start":{"line":11,"column":37},"end":{"line":24,"column":1}},"line":11},"1":{"name":"validate","decl":{"start":{"line":26,"column":9},"end":{"line":26,"column":17}},"loc":{"start":{"line":26,"column":23},"end":{"line":32,"column":1}},"line":26}},"branchMap":{"0":{"loc":{"start":{"line":13,"column":1},"end":{"line":13,"column":66}},"type":"if","locations":[{"start":{"line":13,"column":1},"end":{"line":13,"column":66}},{"start":{"line":13,"column":1},"end":{"line":13,"column":66}}],"line":13},"1":{"loc":{"start":{"line":16,"column":1},"end":{"line":16,"column":70}},"type":"if","locations":[{"start":{"line":16,"column":1},"end":{"line":16,"column":70}},{"start":{"line":16,"column":1},"end":{"line":16,"column":70}}],"line":16},"2":{"loc":{"start":{"line":19,"column":2},"end":{"line":19,"column":80}},"type":"if","locations":[{"start":{"line":19,"column":2},"end":{"line":19,"column":80}},{"start":{"line":19,"column":2},"end":{"line":19,"column":80}}],"line":19}},"s":{"0":3,"1":3,"2":3,"3":3,"4":3,"5":3,"6":3,"7":3,"8":3,"9":3,"10":0,"11":0,"12":0,"13":0,"14":0,"15":0,"16":0,"17":0,"18":0,"19":0,"20":0,"21":0,"22":0,"23":3},"f":{"0":0,"1":0},"b":{"0":[0,0],"1":[0,0],"2":[0,0]},"_coverageSchema":"43e27e138ebf9cfc5966b082cf9a028302ed4184","hash":"0b9154441e6af6c10fdab61e5e2a9afdcc2e272a"}
,"C:\\Users\\karowrld\\fitness-blender\\routes\\blenders.js": {"path":"C:\\Users\\karowrld\\fitness-blender\\routes\\blenders.js","statementMap":{"0":{"start":{"line":1,"column":25},"end":{"line":1,"column":66}},"1":{"start":{"line":2,"column":13},"end":{"line":2,"column":42}},"2":{"start":{"line":3,"column":14},"end":{"line":3,"column":44}},"3":{"start":{"line":4,"column":28},"end":{"line":4,"column":56}},"4":{"start":{"line":5,"column":16},"end":{"line":5,"column":34}},"5":{"start":{"line":6,"column":15},"end":{"line":6,"column":31}},"6":{"start":{"line":10,"column":0},"end":{"line":13,"column":3}},"7":{"start":{"line":11,"column":21},"end":{"line":11,"column":54}},"8":{"start":{"line":12,"column":4},"end":{"line":12,"column":23}},"9":{"start":{"line":15,"column":0},"end":{"line":23,"column":3}},"10":{"start":{"line":16,"column":20},"end":{"line":16,"column":38}},"11":{"start":{"line":17,"column":2},"end":{"line":17,"column":67}},"12":{"start":{"line":17,"column":13},"end":{"line":17,"column":67}},"13":{"start":{"line":19,"column":16},"end":{"line":19,"column":52}},"14":{"start":{"line":20,"column":2},"end":{"line":20,"column":33}},"15":{"start":{"line":22,"column":2},"end":{"line":22,"column":20}},"16":{"start":{"line":25,"column":0},"end":{"line":36,"column":3}},"17":{"start":{"line":26,"column":20},"end":{"line":26,"column":38}},"18":{"start":{"line":27,"column":2},"end":{"line":27,"column":67}},"19":{"start":{"line":27,"column":13},"end":{"line":27,"column":67}},"20":{"start":{"line":29,"column":18},"end":{"line":31,"column":4}},"21":{"start":{"line":33,"column":2},"end":{"line":33,"column":92}},"22":{"start":{"line":33,"column":16},"end":{"line":33,"column":92}},"23":{"start":{"line":35,"column":2},"end":{"line":35,"column":20}},"24":{"start":{"line":38,"column":0},"end":{"line":44,"column":3}},"25":{"start":{"line":39,"column":18},"end":{"line":39,"column":64}},"26":{"start":{"line":41,"column":2},"end":{"line":41,"column":91}},"27":{"start":{"line":41,"column":15},"end":{"line":41,"column":91}},"28":{"start":{"line":43,"column":2},"end":{"line":43,"column":20}},"29":{"start":{"line":46,"column":0},"end":{"line":53,"column":3}},"30":{"start":{"line":48,"column":18},"end":{"line":48,"column":55}},"31":{"start":{"line":50,"column":2},"end":{"line":50,"column":92}},"32":{"start":{"line":50,"column":16},"end":{"line":50,"column":92}},"33":{"start":{"line":52,"column":2},"end":{"line":52,"column":20}},"34":{"start":{"line":56,"column":0},"end":{"line":56,"column":24}}},"fnMap":{"0":{"name":"(anonymous_0)","decl":{"start":{"line":10,"column":16},"end":{"line":10,"column":17}},"loc":{"start":{"line":10,"column":36},"end":{"line":13,"column":1}},"line":10},"1":{"name":"(anonymous_1)","decl":{"start":{"line":15,"column":23},"end":{"line":15,"column":24}},"loc":{"start":{"line":15,"column":43},"end":{"line":23,"column":1}},"line":15},"2":{"name":"(anonymous_2)","decl":{"start":{"line":25,"column":45},"end":{"line":25,"column":46}},"loc":{"start":{"line":25,"column":65},"end":{"line":36,"column":1}},"line":25},"3":{"name":"(anonymous_3)","decl":{"start":{"line":38,"column":37},"end":{"line":38,"column":38}},"loc":{"start":{"line":38,"column":57},"end":{"line":44,"column":1}},"line":38},"4":{"name":"(anonymous_4)","decl":{"start":{"line":46,"column":37},"end":{"line":46,"column":38}},"loc":{"start":{"line":46,"column":57},"end":{"line":53,"column":1}},"line":46}},"branchMap":{"0":{"loc":{"start":{"line":17,"column":2},"end":{"line":17,"column":67}},"type":"if","locations":[{"start":{"line":17,"column":2},"end":{"line":17,"column":67}},{"start":{"line":17,"column":2},"end":{"line":17,"column":67}}],"line":17},"1":{"loc":{"start":{"line":27,"column":2},"end":{"line":27,"column":67}},"type":"if","locations":[{"start":{"line":27,"column":2},"end":{"line":27,"column":67}},{"start":{"line":27,"column":2},"end":{"line":27,"column":67}}],"line":27},"2":{"loc":{"start":{"line":33,"column":2},"end":{"line":33,"column":92}},"type":"if","locations":[{"start":{"line":33,"column":2},"end":{"line":33,"column":92}},{"start":{"line":33,"column":2},"end":{"line":33,"column":92}}],"line":33},"3":{"loc":{"start":{"line":41,"column":2},"end":{"line":41,"column":91}},"type":"if","locations":[{"start":{"line":41,"column":2},"end":{"line":41,"column":91}},{"start":{"line":41,"column":2},"end":{"line":41,"column":91}}],"line":41},"4":{"loc":{"start":{"line":50,"column":2},"end":{"line":50,"column":92}},"type":"if","locations":[{"start":{"line":50,"column":2},"end":{"line":50,"column":92}},{"start":{"line":50,"column":2},"end":{"line":50,"column":92}}],"line":50}},"s":{"0":3,"1":3,"2":3,"3":3,"4":3,"5":3,"6":3,"7":1,"8":1,"9":3,"10":5,"11":5,"12":2,"13":3,"14":3,"15":3,"16":3,"17":0,"18":0,"19":0,"20":0,"21":0,"22":0,"23":0,"24":3,"25":0,"26":0,"27":0,"28":0,"29":3,"30":0,"31":0,"32":0,"33":0,"34":3},"f":{"0":1,"1":5,"2":0,"3":0,"4":0},"b":{"0":[2,3],"1":[0,0],"2":[0,0],"3":[0,0],"4":[0,0]},"_coverageSchema":"43e27e138ebf9cfc5966b082cf9a028302ed4184","hash":"6e26d146b7023be9b3d2ef42da4b9c7cfb08ffc9"}
,"C:\\Users\\karowrld\\fitness-blender\\routes\\customers.js": {"path":"C:\\Users\\karowrld\\fitness-blender\\routes\\customers.js","statementMap":{"0":{"start":{"line":1,"column":29},"end":{"line":1,"column":58}},"1":{"start":{"line":2,"column":16},"end":{"line":2,"column":35}},"2":{"start":{"line":3,"column":15},"end":{"line":3,"column":31}},"3":{"start":{"line":6,"column":0},"end":{"line":18,"column":3}},"4":{"start":{"line":7,"column":20},"end":{"line":7,"column":54}},"5":{"start":{"line":8,"column":2},"end":{"line":8,"column":22}},"6":{"start":{"line":10,"column":18},"end":{"line":14,"column":5}},"7":{"start":{"line":15,"column":3},"end":{"line":15,"column":36}},"8":{"start":{"line":17,"column":3},"end":{"line":17,"column":22}},"9":{"start":{"line":20,"column":0},"end":{"line":34,"column":3}},"10":{"start":{"line":21,"column":21},"end":{"line":21,"column":39}},"11":{"start":{"line":22,"column":3},"end":{"line":22,"column":68}},"12":{"start":{"line":22,"column":14},"end":{"line":22,"column":68}},"13":{"start":{"line":24,"column":20},"end":{"line":29,"column":20}},"14":{"start":{"line":31,"column":3},"end":{"line":31,"column":94}},"15":{"start":{"line":31,"column":18},"end":{"line":31,"column":94}},"16":{"start":{"line":33,"column":3},"end":{"line":33,"column":22}},"17":{"start":{"line":36,"column":0},"end":{"line":42,"column":3}},"18":{"start":{"line":37,"column":19},"end":{"line":37,"column":66}},"19":{"start":{"line":39,"column":2},"end":{"line":39,"column":94}},"20":{"start":{"line":39,"column":17},"end":{"line":39,"column":94}},"21":{"start":{"line":41,"column":2},"end":{"line":41,"column":21}},"22":{"start":{"line":44,"column":0},"end":{"line":50,"column":3}},"23":{"start":{"line":45,"column":20},"end":{"line":45,"column":58}},"24":{"start":{"line":47,"column":3},"end":{"line":47,"column":95}},"25":{"start":{"line":47,"column":18},"end":{"line":47,"column":95}},"26":{"start":{"line":49,"column":3},"end":{"line":49,"column":22}},"27":{"start":{"line":53,"column":0},"end":{"line":53,"column":24}}},"fnMap":{"0":{"name":"(anonymous_0)","decl":{"start":{"line":6,"column":16},"end":{"line":6,"column":17}},"loc":{"start":{"line":6,"column":36},"end":{"line":18,"column":1}},"line":6},"1":{"name":"(anonymous_1)","decl":{"start":{"line":20,"column":19},"end":{"line":20,"column":20}},"loc":{"start":{"line":20,"column":39},"end":{"line":34,"column":1}},"line":20},"2":{"name":"(anonymous_2)","decl":{"start":{"line":36,"column":20},"end":{"line":36,"column":21}},"loc":{"start":{"line":36,"column":40},"end":{"line":42,"column":1}},"line":36},"3":{"name":"(anonymous_3)","decl":{"start":{"line":44,"column":19},"end":{"line":44,"column":20}},"loc":{"start":{"line":44,"column":39},"end":{"line":50,"column":1}},"line":44}},"branchMap":{"0":{"loc":{"start":{"line":22,"column":3},"end":{"line":22,"column":68}},"type":"if","locations":[{"start":{"line":22,"column":3},"end":{"line":22,"column":68}},{"start":{"line":22,"column":3},"end":{"line":22,"column":68}}],"line":22},"1":{"loc":{"start":{"line":31,"column":3},"end":{"line":31,"column":94}},"type":"if","locations":[{"start":{"line":31,"column":3},"end":{"line":31,"column":94}},{"start":{"line":31,"column":3},"end":{"line":31,"column":94}}],"line":31},"2":{"loc":{"start":{"line":39,"column":2},"end":{"line":39,"column":94}},"type":"if","locations":[{"start":{"line":39,"column":2},"end":{"line":39,"column":94}},{"start":{"line":39,"column":2},"end":{"line":39,"column":94}}],"line":39},"3":{"loc":{"start":{"line":47,"column":3},"end":{"line":47,"column":95}},"type":"if","locations":[{"start":{"line":47,"column":3},"end":{"line":47,"column":95}},{"start":{"line":47,"column":3},"end":{"line":47,"column":95}}],"line":47}},"s":{"0":3,"1":3,"2":3,"3":3,"4":0,"5":0,"6":0,"7":0,"8":0,"9":3,"10":0,"11":0,"12":0,"13":0,"14":0,"15":0,"16":0,"17":3,"18":0,"19":0,"20":0,"21":0,"22":3,"23":0,"24":0,"25":0,"26":0,"27":3},"f":{"0":0,"1":0,"2":0,"3":0},"b":{"0":[0,0],"1":[0,0],"2":[0,0],"3":[0,0]},"_coverageSchema":"43e27e138ebf9cfc5966b082cf9a028302ed4184","hash":"2fafe4d3d69b2c4978e4e568e87a9f50f8d84f06"}
,"C:\\Users\\karowrld\\fitness-blender\\routes\\meals.js": {"path":"C:\\Users\\karowrld\\fitness-blender\\routes\\meals.js","statementMap":{"0":{"start":{"line":1,"column":25},"end":{"line":1,"column":50}},"1":{"start":{"line":2,"column":19},"end":{"line":2,"column":48}},"2":{"start":{"line":3,"column":18},"end":{"line":3,"column":46}},"3":{"start":{"line":4,"column":17},"end":{"line":4,"column":36}},"4":{"start":{"line":5,"column":13},"end":{"line":5,"column":28}},"5":{"start":{"line":6,"column":16},"end":{"line":6,"column":34}},"6":{"start":{"line":7,"column":15},"end":{"line":7,"column":31}},"7":{"start":{"line":10,"column":0},"end":{"line":10,"column":20}},"8":{"start":{"line":12,"column":0},"end":{"line":15,"column":3}},"9":{"start":{"line":13,"column":17},"end":{"line":13,"column":51}},"10":{"start":{"line":14,"column":3},"end":{"line":14,"column":19}},"11":{"start":{"line":18,"column":0},"end":{"line":56,"column":3}},"12":{"start":{"line":19,"column":20},"end":{"line":19,"column":38}},"13":{"start":{"line":20,"column":2},"end":{"line":20,"column":67}},"14":{"start":{"line":20,"column":13},"end":{"line":20,"column":67}},"15":{"start":{"line":22,"column":19},"end":{"line":22,"column":63}},"16":{"start":{"line":23,"column":2},"end":{"line":23,"column":66}},"17":{"start":{"line":23,"column":17},"end":{"line":23,"column":66}},"18":{"start":{"line":25,"column":18},"end":{"line":25,"column":60}},"19":{"start":{"line":26,"column":2},"end":{"line":26,"column":64}},"20":{"start":{"line":26,"column":16},"end":{"line":26,"column":64}},"21":{"start":{"line":28,"column":2},"end":{"line":28,"column":88}},"22":{"start":{"line":28,"column":35},"end":{"line":28,"column":88}},"23":{"start":{"line":30,"column":13},"end":{"line":41,"column":4}},"24":{"start":{"line":43,"column":2},"end":{"line":55,"column":3}},"25":{"start":{"line":44,"column":5},"end":{"line":49,"column":14}},"26":{"start":{"line":51,"column":7},"end":{"line":51,"column":22}},"27":{"start":{"line":54,"column":5},"end":{"line":54,"column":47}},"28":{"start":{"line":58,"column":0},"end":{"line":64,"column":3}},"29":{"start":{"line":59,"column":15},"end":{"line":59,"column":49}},"30":{"start":{"line":61,"column":2},"end":{"line":61,"column":86}},"31":{"start":{"line":61,"column":13},"end":{"line":61,"column":86}},"32":{"start":{"line":63,"column":3},"end":{"line":63,"column":18}},"33":{"start":{"line":67,"column":0},"end":{"line":67,"column":24}}},"fnMap":{"0":{"name":"(anonymous_0)","decl":{"start":{"line":12,"column":16},"end":{"line":12,"column":17}},"loc":{"start":{"line":12,"column":36},"end":{"line":15,"column":1}},"line":12},"1":{"name":"(anonymous_1)","decl":{"start":{"line":18,"column":17},"end":{"line":18,"column":18}},"loc":{"start":{"line":18,"column":37},"end":{"line":56,"column":1}},"line":18},"2":{"name":"(anonymous_2)","decl":{"start":{"line":58,"column":19},"end":{"line":58,"column":20}},"loc":{"start":{"line":58,"column":39},"end":{"line":64,"column":1}},"line":58}},"branchMap":{"0":{"loc":{"start":{"line":20,"column":2},"end":{"line":20,"column":67}},"type":"if","locations":[{"start":{"line":20,"column":2},"end":{"line":20,"column":67}},{"start":{"line":20,"column":2},"end":{"line":20,"column":67}}],"line":20},"1":{"loc":{"start":{"line":23,"column":2},"end":{"line":23,"column":66}},"type":"if","locations":[{"start":{"line":23,"column":2},"end":{"line":23,"column":66}},{"start":{"line":23,"column":2},"end":{"line":23,"column":66}}],"line":23},"2":{"loc":{"start":{"line":26,"column":2},"end":{"line":26,"column":64}},"type":"if","locations":[{"start":{"line":26,"column":2},"end":{"line":26,"column":64}},{"start":{"line":26,"column":2},"end":{"line":26,"column":64}}],"line":26},"3":{"loc":{"start":{"line":28,"column":2},"end":{"line":28,"column":88}},"type":"if","locations":[{"start":{"line":28,"column":2},"end":{"line":28,"column":88}},{"start":{"line":28,"column":2},"end":{"line":28,"column":88}}],"line":28},"4":{"loc":{"start":{"line":61,"column":2},"end":{"line":61,"column":86}},"type":"if","locations":[{"start":{"line":61,"column":2},"end":{"line":61,"column":86}},{"start":{"line":61,"column":2},"end":{"line":61,"column":86}}],"line":61}},"s":{"0":3,"1":3,"2":3,"3":3,"4":3,"5":3,"6":3,"7":3,"8":3,"9":0,"10":0,"11":3,"12":0,"13":0,"14":0,"15":0,"16":0,"17":0,"18":0,"19":0,"20":0,"21":0,"22":0,"23":0,"24":0,"25":0,"26":0,"27":0,"28":3,"29":0,"30":0,"31":0,"32":0,"33":3},"f":{"0":0,"1":0,"2":0},"b":{"0":[0,0],"1":[0,0],"2":[0,0],"3":[0,0],"4":[0,0]},"_coverageSchema":"43e27e138ebf9cfc5966b082cf9a028302ed4184","hash":"092311b3ef4dd2286f4312d986d4c234def9dfb9"}
,"C:\\Users\\karowrld\\fitness-blender\\routes\\programs.js": {"path":"C:\\Users\\karowrld\\fitness-blender\\routes\\programs.js","statementMap":{"0":{"start":{"line":1,"column":28},"end":{"line":1,"column":56}},"1":{"start":{"line":2,"column":18},"end":{"line":2,"column":46}},"2":{"start":{"line":3,"column":16},"end":{"line":3,"column":34}},"3":{"start":{"line":4,"column":15},"end":{"line":4,"column":31}},"4":{"start":{"line":7,"column":0},"end":{"line":10,"column":3}},"5":{"start":{"line":8,"column":19},"end":{"line":8,"column":52}},"6":{"start":{"line":9,"column":3},"end":{"line":9,"column":22}},"7":{"start":{"line":12,"column":0},"end":{"line":31,"column":3}},"8":{"start":{"line":13,"column":21},"end":{"line":13,"column":39}},"9":{"start":{"line":14,"column":3},"end":{"line":14,"column":68}},"10":{"start":{"line":14,"column":14},"end":{"line":14,"column":68}},"11":{"start":{"line":16,"column":19},"end":{"line":16,"column":61}},"12":{"start":{"line":17,"column":3},"end":{"line":17,"column":65}},"13":{"start":{"line":17,"column":17},"end":{"line":17,"column":65}},"14":{"start":{"line":19,"column":19},"end":{"line":27,"column":5}},"15":{"start":{"line":28,"column":3},"end":{"line":28,"column":24}},"16":{"start":{"line":30,"column":3},"end":{"line":30,"column":21}},"17":{"start":{"line":34,"column":0},"end":{"line":55,"column":3}},"18":{"start":{"line":35,"column":20},"end":{"line":35,"column":38}},"19":{"start":{"line":36,"column":2},"end":{"line":36,"column":67}},"20":{"start":{"line":36,"column":13},"end":{"line":36,"column":67}},"21":{"start":{"line":38,"column":18},"end":{"line":38,"column":60}},"22":{"start":{"line":39,"column":2},"end":{"line":39,"column":64}},"23":{"start":{"line":39,"column":16},"end":{"line":39,"column":64}},"24":{"start":{"line":41,"column":18},"end":{"line":50,"column":19}},"25":{"start":{"line":52,"column":2},"end":{"line":52,"column":92}},"26":{"start":{"line":52,"column":16},"end":{"line":52,"column":92}},"27":{"start":{"line":54,"column":2},"end":{"line":54,"column":20}},"28":{"start":{"line":57,"column":0},"end":{"line":63,"column":3}},"29":{"start":{"line":58,"column":18},"end":{"line":58,"column":64}},"30":{"start":{"line":60,"column":2},"end":{"line":60,"column":92}},"31":{"start":{"line":60,"column":16},"end":{"line":60,"column":92}},"32":{"start":{"line":62,"column":2},"end":{"line":62,"column":20}},"33":{"start":{"line":65,"column":0},"end":{"line":71,"column":3}},"34":{"start":{"line":66,"column":18},"end":{"line":66,"column":55}},"35":{"start":{"line":68,"column":2},"end":{"line":68,"column":92}},"36":{"start":{"line":68,"column":16},"end":{"line":68,"column":92}},"37":{"start":{"line":70,"column":2},"end":{"line":70,"column":20}},"38":{"start":{"line":72,"column":0},"end":{"line":72,"column":24}}},"fnMap":{"0":{"name":"(anonymous_0)","decl":{"start":{"line":7,"column":16},"end":{"line":7,"column":17}},"loc":{"start":{"line":7,"column":36},"end":{"line":10,"column":1}},"line":7},"1":{"name":"(anonymous_1)","decl":{"start":{"line":12,"column":17},"end":{"line":12,"column":18}},"loc":{"start":{"line":12,"column":37},"end":{"line":31,"column":1}},"line":12},"2":{"name":"(anonymous_2)","decl":{"start":{"line":34,"column":19},"end":{"line":34,"column":20}},"loc":{"start":{"line":34,"column":39},"end":{"line":55,"column":1}},"line":34},"3":{"name":"(anonymous_3)","decl":{"start":{"line":57,"column":22},"end":{"line":57,"column":23}},"loc":{"start":{"line":57,"column":42},"end":{"line":63,"column":1}},"line":57},"4":{"name":"(anonymous_4)","decl":{"start":{"line":65,"column":19},"end":{"line":65,"column":20}},"loc":{"start":{"line":65,"column":39},"end":{"line":71,"column":1}},"line":65}},"branchMap":{"0":{"loc":{"start":{"line":14,"column":3},"end":{"line":14,"column":68}},"type":"if","locations":[{"start":{"line":14,"column":3},"end":{"line":14,"column":68}},{"start":{"line":14,"column":3},"end":{"line":14,"column":68}}],"line":14},"1":{"loc":{"start":{"line":17,"column":3},"end":{"line":17,"column":65}},"type":"if","locations":[{"start":{"line":17,"column":3},"end":{"line":17,"column":65}},{"start":{"line":17,"column":3},"end":{"line":17,"column":65}}],"line":17},"2":{"loc":{"start":{"line":36,"column":2},"end":{"line":36,"column":67}},"type":"if","locations":[{"start":{"line":36,"column":2},"end":{"line":36,"column":67}},{"start":{"line":36,"column":2},"end":{"line":36,"column":67}}],"line":36},"3":{"loc":{"start":{"line":39,"column":2},"end":{"line":39,"column":64}},"type":"if","locations":[{"start":{"line":39,"column":2},"end":{"line":39,"column":64}},{"start":{"line":39,"column":2},"end":{"line":39,"column":64}}],"line":39},"4":{"loc":{"start":{"line":52,"column":2},"end":{"line":52,"column":92}},"type":"if","locations":[{"start":{"line":52,"column":2},"end":{"line":52,"column":92}},{"start":{"line":52,"column":2},"end":{"line":52,"column":92}}],"line":52},"5":{"loc":{"start":{"line":60,"column":2},"end":{"line":60,"column":92}},"type":"if","locations":[{"start":{"line":60,"column":2},"end":{"line":60,"column":92}},{"start":{"line":60,"column":2},"end":{"line":60,"column":92}}],"line":60},"6":{"loc":{"start":{"line":68,"column":2},"end":{"line":68,"column":92}},"type":"if","locations":[{"start":{"line":68,"column":2},"end":{"line":68,"column":92}},{"start":{"line":68,"column":2},"end":{"line":68,"column":92}}],"line":68}},"s":{"0":3,"1":3,"2":3,"3":3,"4":3,"5":0,"6":0,"7":3,"8":0,"9":0,"10":0,"11":0,"12":0,"13":0,"14":0,"15":0,"16":0,"17":3,"18":0,"19":0,"20":0,"21":0,"22":0,"23":0,"24":0,"25":0,"26":0,"27":0,"28":3,"29":0,"30":0,"31":0,"32":0,"33":3,"34":0,"35":0,"36":0,"37":0,"38":3},"f":{"0":0,"1":0,"2":0,"3":0,"4":0},"b":{"0":[0,0],"1":[0,0],"2":[0,0],"3":[0,0],"4":[0,0],"5":[0,0],"6":[0,0]},"_coverageSchema":"43e27e138ebf9cfc5966b082cf9a028302ed4184","hash":"a18ff382e3bc5689ed79b1777661878796018511"}
,"C:\\Users\\karowrld\\fitness-blender\\routes\\returns.js": {"path":"C:\\Users\\karowrld\\fitness-blender\\routes\\returns.js","statementMap":{"0":{"start":{"line":1,"column":12},"end":{"line":1,"column":26}},"1":{"start":{"line":2,"column":15},"end":{"line":2,"column":32}},"2":{"start":{"line":3,"column":17},"end":{"line":3,"column":50}},"3":{"start":{"line":4,"column":15},"end":{"line":4,"column":40}},"4":{"start":{"line":5,"column":18},"end":{"line":5,"column":46}},"5":{"start":{"line":6,"column":13},"end":{"line":6,"column":42}},"6":{"start":{"line":7,"column":16},"end":{"line":7,"column":34}},"7":{"start":{"line":8,"column":15},"end":{"line":8,"column":31}},"8":{"start":{"line":11,"column":0},"end":{"line":34,"column":3}},"9":{"start":{"line":15,"column":17},"end":{"line":18,"column":6}},"10":{"start":{"line":19,"column":4},"end":{"line":19,"column":62}},"11":{"start":{"line":19,"column":15},"end":{"line":19,"column":62}},"12":{"start":{"line":21,"column":4},"end":{"line":21,"column":84}},"13":{"start":{"line":21,"column":27},"end":{"line":21,"column":84}},"14":{"start":{"line":23,"column":4},"end":{"line":23,"column":35}},"15":{"start":{"line":24,"column":21},"end":{"line":24,"column":56}},"16":{"start":{"line":25,"column":4},"end":{"line":25,"column":57}},"17":{"start":{"line":26,"column":4},"end":{"line":26,"column":22}},"18":{"start":{"line":28,"column":4},"end":{"line":30,"column":7}},"19":{"start":{"line":33,"column":4},"end":{"line":33,"column":38}},"20":{"start":{"line":37,"column":19},"end":{"line":40,"column":5}},"21":{"start":{"line":42,"column":4},"end":{"line":42,"column":37}},"22":{"start":{"line":45,"column":0},"end":{"line":45,"column":24}}},"fnMap":{"0":{"name":"(anonymous_0)","decl":{"start":{"line":11,"column":51},"end":{"line":11,"column":52}},"loc":{"start":{"line":11,"column":70},"end":{"line":34,"column":1}},"line":11},"1":{"name":"validateReturn","decl":{"start":{"line":36,"column":9},"end":{"line":36,"column":23}},"loc":{"start":{"line":36,"column":29},"end":{"line":43,"column":1}},"line":36}},"branchMap":{"0":{"loc":{"start":{"line":19,"column":4},"end":{"line":19,"column":62}},"type":"if","locations":[{"start":{"line":19,"column":4},"end":{"line":19,"column":62}},{"start":{"line":19,"column":4},"end":{"line":19,"column":62}}],"line":19},"1":{"loc":{"start":{"line":21,"column":4},"end":{"line":21,"column":84}},"type":"if","locations":[{"start":{"line":21,"column":4},"end":{"line":21,"column":84}},{"start":{"line":21,"column":4},"end":{"line":21,"column":84}}],"line":21}},"s":{"0":3,"1":3,"2":3,"3":3,"4":3,"5":3,"6":3,"7":3,"8":3,"9":7,"10":7,"11":1,"12":6,"13":1,"14":5,"15":5,"16":5,"17":5,"18":5,"19":5,"20":9,"21":9,"22":3},"f":{"0":7,"1":9},"b":{"0":[1,6],"1":[1,5]},"_coverageSchema":"43e27e138ebf9cfc5966b082cf9a028302ed4184","hash":"42cc2218434906db9fb76fcf7cda11906b7a82d3"}
,"C:\\Users\\karowrld\\fitness-blender\\routes\\users.js": {"path":"C:\\Users\\karowrld\\fitness-blender\\routes\\users.js","statementMap":{"0":{"start":{"line":1,"column":13},"end":{"line":1,"column":42}},"1":{"start":{"line":2,"column":15},"end":{"line":2,"column":32}},"2":{"start":{"line":3,"column":15},"end":{"line":3,"column":32}},"3":{"start":{"line":4,"column":10},"end":{"line":4,"column":27}},"4":{"start":{"line":5,"column":25},"end":{"line":5,"column":50}},"5":{"start":{"line":6,"column":17},"end":{"line":6,"column":36}},"6":{"start":{"line":7,"column":16},"end":{"line":7,"column":34}},"7":{"start":{"line":8,"column":15},"end":{"line":8,"column":31}},"8":{"start":{"line":10,"column":0},"end":{"line":13,"column":3}},"9":{"start":{"line":11,"column":16},"end":{"line":11,"column":69}},"10":{"start":{"line":12,"column":3},"end":{"line":12,"column":18}},"11":{"start":{"line":16,"column":0},"end":{"line":33,"column":3}},"12":{"start":{"line":17,"column":21},"end":{"line":17,"column":39}},"13":{"start":{"line":18,"column":3},"end":{"line":18,"column":68}},"14":{"start":{"line":18,"column":14},"end":{"line":18,"column":68}},"15":{"start":{"line":20,"column":14},"end":{"line":20,"column":59}},"16":{"start":{"line":21,"column":3},"end":{"line":21,"column":69}},"17":{"start":{"line":21,"column":13},"end":{"line":21,"column":69}},"18":{"start":{"line":24,"column":3},"end":{"line":24,"column":68}},"19":{"start":{"line":25,"column":17},"end":{"line":25,"column":41}},"20":{"start":{"line":26,"column":4},"end":{"line":26,"column":60}},"21":{"start":{"line":28,"column":5},"end":{"line":28,"column":23}},"22":{"start":{"line":31,"column":18},"end":{"line":31,"column":42}},"23":{"start":{"line":32,"column":3},"end":{"line":32,"column":82}},"24":{"start":{"line":35,"column":0},"end":{"line":35,"column":24}}},"fnMap":{"0":{"name":"(anonymous_0)","decl":{"start":{"line":10,"column":24},"end":{"line":10,"column":25}},"loc":{"start":{"line":10,"column":44},"end":{"line":13,"column":1}},"line":10},"1":{"name":"(anonymous_1)","decl":{"start":{"line":16,"column":17},"end":{"line":16,"column":18}},"loc":{"start":{"line":16,"column":37},"end":{"line":33,"column":1}},"line":16}},"branchMap":{"0":{"loc":{"start":{"line":18,"column":3},"end":{"line":18,"column":68}},"type":"if","locations":[{"start":{"line":18,"column":3},"end":{"line":18,"column":68}},{"start":{"line":18,"column":3},"end":{"line":18,"column":68}}],"line":18},"1":{"loc":{"start":{"line":21,"column":3},"end":{"line":21,"column":69}},"type":"if","locations":[{"start":{"line":21,"column":3},"end":{"line":21,"column":69}},{"start":{"line":21,"column":3},"end":{"line":21,"column":69}}],"line":21}},"s":{"0":3,"1":3,"2":3,"3":3,"4":3,"5":3,"6":3,"7":3,"8":3,"9":0,"10":0,"11":3,"12":0,"13":0,"14":0,"15":0,"16":0,"17":0,"18":0,"19":0,"20":0,"21":0,"22":0,"23":0,"24":3},"f":{"0":0,"1":0},"b":{"0":[0,0],"1":[0,0]},"_coverageSchema":"43e27e138ebf9cfc5966b082cf9a028302ed4184","hash":"d68f4cf87f8d9378d245df0f848e5ac362faedda"}
,"C:\\Users\\karowrld\\fitness-blender\\startup\\config.js": {"path":"C:\\Users\\karowrld\\fitness-blender\\startup\\config.js","statementMap":{"0":{"start":{"line":1,"column":15},"end":{"line":1,"column":32}},"1":{"start":{"line":3,"column":0},"end":{"line":8,"column":2}},"2":{"start":{"line":4,"column":4},"end":{"line":7,"column":2}},"3":{"start":{"line":5,"column":3},"end":{"line":5,"column":65}},"4":{"start":{"line":6,"column":3},"end":{"line":6,"column":19}}},"fnMap":{"0":{"name":"(anonymous_0)","decl":{"start":{"line":3,"column":17},"end":{"line":3,"column":18}},"loc":{"start":{"line":3,"column":28},"end":{"line":8,"column":2}},"line":3}},"branchMap":{"0":{"loc":{"start":{"line":4,"column":4},"end":{"line":7,"column":2}},"type":"if","locations":[{"start":{"line":4,"column":4},"end":{"line":7,"column":2}},{"start":{"line":4,"column":4},"end":{"line":7,"column":2}}],"line":4}},"s":{"0":3,"1":3,"2":3,"3":0,"4":0},"f":{"0":3},"b":{"0":[0,3]},"_coverageSchema":"43e27e138ebf9cfc5966b082cf9a028302ed4184","hash":"b55af4bf44a253d6af328a3ef2e0944dbedead51"}
,"C:\\Users\\karowrld\\fitness-blender\\startup\\db.js": {"path":"C:\\Users\\karowrld\\fitness-blender\\startup\\db.js","statementMap":{"0":{"start":{"line":1,"column":16},"end":{"line":1,"column":34}},"1":{"start":{"line":2,"column":17},"end":{"line":2,"column":36}},"2":{"start":{"line":3,"column":15},"end":{"line":3,"column":32}},"3":{"start":{"line":5,"column":0},"end":{"line":9,"column":1}},"4":{"start":{"line":6,"column":16},"end":{"line":6,"column":32}},"5":{"start":{"line":7,"column":4},"end":{"line":8,"column":53}},"6":{"start":{"line":8,"column":14},"end":{"line":8,"column":51}}},"fnMap":{"0":{"name":"(anonymous_0)","decl":{"start":{"line":5,"column":17},"end":{"line":5,"column":18}},"loc":{"start":{"line":5,"column":28},"end":{"line":9,"column":1}},"line":5},"1":{"name":"(anonymous_1)","decl":{"start":{"line":8,"column":8},"end":{"line":8,"column":9}},"loc":{"start":{"line":8,"column":14},"end":{"line":8,"column":51}},"line":8}},"branchMap":{},"s":{"0":3,"1":3,"2":3,"3":3,"4":3,"5":3,"6":3},"f":{"0":3,"1":3},"b":{},"_coverageSchema":"43e27e138ebf9cfc5966b082cf9a028302ed4184","hash":"9e5392f9b93e6a840e995c514712045eed95a9cf"}
,"C:\\Users\\karowrld\\fitness-blender\\startup\\logging.js": {"path":"C:\\Users\\karowrld\\fitness-blender\\startup\\logging.js","statementMap":{"0":{"start":{"line":1,"column":16},"end":{"line":1,"column":34}},"1":{"start":{"line":3,"column":0},"end":{"line":3,"column":32}},"2":{"start":{"line":6,"column":0},"end":{"line":21,"column":1}},"3":{"start":{"line":8,"column":0},"end":{"line":10,"column":72}},"4":{"start":{"line":12,"column":2},"end":{"line":14,"column":5}},"5":{"start":{"line":13,"column":4},"end":{"line":13,"column":13}},"6":{"start":{"line":16,"column":2},"end":{"line":16,"column":68}}},"fnMap":{"0":{"name":"(anonymous_0)","decl":{"start":{"line":6,"column":17},"end":{"line":6,"column":18}},"loc":{"start":{"line":6,"column":28},"end":{"line":21,"column":1}},"line":6},"1":{"name":"(anonymous_1)","decl":{"start":{"line":12,"column":35},"end":{"line":12,"column":36}},"loc":{"start":{"line":12,"column":43},"end":{"line":14,"column":3}},"line":12}},"branchMap":{},"s":{"0":3,"1":3,"2":3,"3":3,"4":3,"5":0,"6":3},"f":{"0":3,"1":0},"b":{},"_coverageSchema":"43e27e138ebf9cfc5966b082cf9a028302ed4184","hash":"ba57660cad6b882fe14565e0296cdf7fa1a74214"}
,"C:\\Users\\karowrld\\fitness-blender\\startup\\prod.js": {"path":"C:\\Users\\karowrld\\fitness-blender\\startup\\prod.js","statementMap":{"0":{"start":{"line":1,"column":15},"end":{"line":1,"column":32}},"1":{"start":{"line":2,"column":20},"end":{"line":2,"column":42}},"2":{"start":{"line":4,"column":0},"end":{"line":7,"column":1}},"3":{"start":{"line":5,"column":4},"end":{"line":5,"column":22}},"4":{"start":{"line":6,"column":4},"end":{"line":6,"column":27}}},"fnMap":{"0":{"name":"(anonymous_0)","decl":{"start":{"line":4,"column":17},"end":{"line":4,"column":18}},"loc":{"start":{"line":4,"column":31},"end":{"line":7,"column":1}},"line":4}},"branchMap":{},"s":{"0":3,"1":3,"2":3,"3":3,"4":3},"f":{"0":3},"b":{},"_coverageSchema":"43e27e138ebf9cfc5966b082cf9a028302ed4184","hash":"c2dbdad4b618ed32bb42ca36035488df7028784f"}
,"C:\\Users\\karowrld\\fitness-blender\\startup\\routes.js": {"path":"C:\\Users\\karowrld\\fitness-blender\\startup\\routes.js","statementMap":{"0":{"start":{"line":1,"column":16},"end":{"line":1,"column":34}},"1":{"start":{"line":2,"column":17},"end":{"line":2,"column":46}},"2":{"start":{"line":3,"column":18},"end":{"line":3,"column":48}},"3":{"start":{"line":4,"column":17},"end":{"line":4,"column":46}},"4":{"start":{"line":5,"column":14},"end":{"line":5,"column":40}},"5":{"start":{"line":6,"column":14},"end":{"line":6,"column":40}},"6":{"start":{"line":7,"column":13},"end":{"line":7,"column":38}},"7":{"start":{"line":8,"column":16},"end":{"line":8,"column":44}},"8":{"start":{"line":9,"column":14},"end":{"line":9,"column":44}},"9":{"start":{"line":11,"column":0},"end":{"line":21,"column":1}},"10":{"start":{"line":12,"column":4},"end":{"line":12,"column":28}},"11":{"start":{"line":13,"column":3},"end":{"line":13,"column":38}},"12":{"start":{"line":14,"column":3},"end":{"line":14,"column":40}},"13":{"start":{"line":15,"column":2},"end":{"line":15,"column":37}},"14":{"start":{"line":16,"column":2},"end":{"line":16,"column":31}},"15":{"start":{"line":17,"column":1},"end":{"line":17,"column":30}},"16":{"start":{"line":18,"column":1},"end":{"line":18,"column":28}},"17":{"start":{"line":19,"column":1},"end":{"line":19,"column":34}},"18":{"start":{"line":20,"column":1},"end":{"line":20,"column":16}}},"fnMap":{"0":{"name":"(anonymous_0)","decl":{"start":{"line":11,"column":17},"end":{"line":11,"column":18}},"loc":{"start":{"line":11,"column":31},"end":{"line":21,"column":1}},"line":11}},"branchMap":{},"s":{"0":3,"1":3,"2":3,"3":3,"4":3,"5":3,"6":3,"7":3,"8":3,"9":3,"10":3,"11":3,"12":3,"13":3,"14":3,"15":3,"16":3,"17":3,"18":3},"f":{"0":3},"b":{},"_coverageSchema":"43e27e138ebf9cfc5966b082cf9a028302ed4184","hash":"232bd6c543e9005c24d27810cfd3953e2165a1e7"}
,"C:\\Users\\karowrld\\fitness-blender\\startup\\validation.js": {"path":"C:\\Users\\karowrld\\fitness-blender\\startup\\validation.js","statementMap":{"0":{"start":{"line":1,"column":12},"end":{"line":1,"column":26}},"1":{"start":{"line":3,"column":0},"end":{"line":5,"column":1}},"2":{"start":{"line":4,"column":4},"end":{"line":4,"column":48}}},"fnMap":{"0":{"name":"(anonymous_0)","decl":{"start":{"line":3,"column":17},"end":{"line":3,"column":18}},"loc":{"start":{"line":3,"column":28},"end":{"line":5,"column":1}},"line":3}},"branchMap":{},"s":{"0":3,"1":3,"2":3},"f":{"0":3},"b":{},"_coverageSchema":"43e27e138ebf9cfc5966b082cf9a028302ed4184","hash":"34409cf6022f7b1c9c109bf575a01636a2542ff6"}
}
