TN:
SF:C:\Users\karowrld\fitness-blender\index.js
FN:15,(anonymous_0)
FN:20,(anonymous_1)
FNF:2
FNH:1
FNDA:0,(anonymous_0)
FNDA:3,(anonymous_1)
DA:1,3
DA:2,3
DA:3,3
DA:5,3
DA:6,3
DA:7,3
DA:8,3
DA:9,3
DA:10,3
DA:15,3
DA:16,0
DA:19,3
DA:20,3
DA:22,3
LF:14
LH:13
BRDA:19,0,0,3
BRDA:19,0,1,3
BRF:2
BRH:2
end_of_record
TN:
SF:C:\Users\karowrld\fitness-blender\middleware\admin.js
FN:1,(anonymous_0)
FNF:1
FNH:0
FNDA:0,(anonymous_0)
DA:1,3
DA:2,0
DA:3,0
LF:3
LH:1
BRDA:2,0,0,0
BRDA:2,0,1,0
BRF:2
BRH:0
end_of_record
TN:
SF:C:\Users\karowrld\fitness-blender\middleware\auth.js
FN:4,(anonymous_0)
FNF:1
FNH:1
FNDA:19,(anonymous_0)
DA:1,4
DA:2,4
DA:4,4
DA:5,19
DA:6,19
DA:8,19
DA:9,19
DA:10,15
DA:11,15
DA:14,4
LF:10
LH:10
BRDA:6,0,0,3
BRDA:6,0,1,16
BRF:2
BRH:2
end_of_record
TN:
SF:C:\Users\karowrld\fitness-blender\middleware\error.js
FN:3,(anonymous_0)
FNF:1
FNH:1
FNDA:5,(anonymous_0)
DA:1,3
DA:3,3
DA:4,5
DA:8,5
LF:4
LH:4
BRF:0
BRH:0
end_of_record
TN:
SF:C:\Users\karowrld\fitness-blender\middleware\validate.js
FN:1,(anonymous_0)
FN:2,(anonymous_1)
FNF:2
FNH:2
FNDA:3,(anonymous_0)
FNDA:9,(anonymous_1)
DA:1,3
DA:2,3
DA:3,9
DA:4,9
DA:5,7
LF:5
LH:5
BRDA:4,0,0,2
BRDA:4,0,1,7
BRF:2
BRH:2
end_of_record
TN:
SF:C:\Users\karowrld\fitness-blender\middleware\validateObjectId.js
FN:4,(anonymous_0)
FNF:1
FNH:1
FNDA:1,(anonymous_0)
DA:1,3
DA:4,3
DA:5,1
DA:6,0
LF:4
LH:3
BRDA:5,0,0,0
BRDA:5,0,1,0
BRF:2
BRH:0
end_of_record
TN:
SF:C:\Users\karowrld\fitness-blender\models\blender.js
FN:16,validateBlender
FNF:1
FNH:1
FNDA:5,validateBlender
DA:1,3
DA:2,3
DA:4,3
DA:14,3
DA:17,5
DA:21,5
DA:24,3
DA:25,3
DA:26,3
LF:9
LH:9
BRF:0
BRH:0
end_of_record
TN:
SF:C:\Users\karowrld\fitness-blender\models\customer.js
FN:23,validateCustomer
FNF:1
FNH:0
FNDA:0,validateCustomer
DA:1,3
DA:2,3
DA:4,3
DA:24,0
DA:30,0
DA:33,3
DA:34,3
LF:7
LH:5
BRF:0
BRH:0
end_of_record
TN:
SF:C:\Users\karowrld\fitness-blender\models\meal.js
FN:54,validateMeal
FNF:1
FNH:0
FNDA:0,validateMeal
DA:1,3
DA:2,3
DA:4,3
DA:55,0
DA:60,0
DA:63,3
DA:64,3
LF:7
LH:5
BRF:0
BRH:0
end_of_record
TN:
SF:C:\Users\karowrld\fitness-blender\models\program.js
FN:32,validateProgram
FNF:1
FNH:0
FNDA:0,validateProgram
DA:1,3
DA:2,3
DA:3,3
DA:6,3
DA:33,0
DA:40,0
DA:43,3
DA:44,3
LF:8
LH:6
BRF:0
BRH:0
end_of_record
TN:
SF:C:\Users\karowrld\fitness-blender\models\user.js
FN:30,(anonymous_0)
FN:37,validateUser
FNF:2
FNH:1
FNDA:20,(anonymous_0)
FNDA:0,validateUser
DA:1,5
DA:2,5
DA:3,5
DA:4,5
DA:7,5
DA:30,5
DA:31,20
DA:32,20
DA:35,5
DA:38,0
DA:43,0
DA:46,5
DA:47,5
LF:13
LH:11
BRF:0
BRH:0
end_of_record
TN:
SF:C:\Users\karowrld\fitness-blender\routes\auth.js
FN:11,(anonymous_0)
FN:26,validate
FNF:2
FNH:0
FNDA:0,(anonymous_0)
FNDA:0,validate
DA:1,3
DA:2,3
DA:3,3
DA:4,3
DA:5,3
DA:6,3
DA:7,3
DA:8,3
DA:9,3
DA:11,3
DA:12,0
DA:13,0
DA:15,0
DA:16,0
DA:18,0
DA:19,0
DA:21,0
DA:22,0
DA:27,0
DA:31,0
DA:34,3
LF:21
LH:11
BRDA:13,0,0,0
BRDA:13,0,1,0
BRDA:16,1,0,0
BRDA:16,1,1,0
BRDA:19,2,0,0
BRDA:19,2,1,0
BRF:6
BRH:0
end_of_record
TN:
SF:C:\Users\karowrld\fitness-blender\routes\blenders.js
FN:10,(anonymous_0)
FN:15,(anonymous_1)
FN:25,(anonymous_2)
FN:38,(anonymous_3)
FN:46,(anonymous_4)
FNF:5
FNH:2
FNDA:1,(anonymous_0)
FNDA:5,(anonymous_1)
FNDA:0,(anonymous_2)
FNDA:0,(anonymous_3)
FNDA:0,(anonymous_4)
DA:1,3
DA:2,3
DA:3,3
DA:4,3
DA:5,3
DA:6,3
DA:10,3
DA:11,1
DA:12,1
DA:15,3
DA:16,5
DA:17,5
DA:19,3
DA:20,3
DA:22,3
DA:25,3
DA:26,0
DA:27,0
DA:29,0
DA:33,0
DA:35,0
DA:38,3
DA:39,0
DA:41,0
DA:43,0
DA:46,3
DA:48,0
DA:50,0
DA:52,0
DA:56,3
LF:30
LH:19
BRDA:17,0,0,2
BRDA:17,0,1,3
BRDA:27,1,0,0
BRDA:27,1,1,0
BRDA:33,2,0,0
BRDA:33,2,1,0
BRDA:41,3,0,0
BRDA:41,3,1,0
BRDA:50,4,0,0
BRDA:50,4,1,0
BRF:10
BRH:2
end_of_record
TN:
SF:C:\Users\karowrld\fitness-blender\routes\customers.js
FN:6,(anonymous_0)
FN:20,(anonymous_1)
FN:36,(anonymous_2)
FN:44,(anonymous_3)
FNF:4
FNH:0
FNDA:0,(anonymous_0)
FNDA:0,(anonymous_1)
FNDA:0,(anonymous_2)
FNDA:0,(anonymous_3)
DA:1,3
DA:2,3
DA:3,3
DA:6,3
DA:7,0
DA:8,0
DA:10,0
DA:15,0
DA:17,0
DA:20,3
DA:21,0
DA:22,0
DA:24,0
DA:31,0
DA:33,0
DA:36,3
DA:37,0
DA:39,0
DA:41,0
DA:44,3
DA:45,0
DA:47,0
DA:49,0
DA:53,3
LF:24
LH:8
BRDA:22,0,0,0
BRDA:22,0,1,0
BRDA:31,1,0,0
BRDA:31,1,1,0
BRDA:39,2,0,0
BRDA:39,2,1,0
BRDA:47,3,0,0
BRDA:47,3,1,0
BRF:8
BRH:0
end_of_record
TN:
SF:C:\Users\karowrld\fitness-blender\routes\meals.js
FN:12,(anonymous_0)
FN:18,(anonymous_1)
FN:58,(anonymous_2)
FNF:3
FNH:0
FNDA:0,(anonymous_0)
FNDA:0,(anonymous_1)
FNDA:0,(anonymous_2)
DA:1,3
DA:2,3
DA:3,3
DA:4,3
DA:5,3
DA:6,3
DA:7,3
DA:10,3
DA:12,3
DA:13,0
DA:14,0
DA:18,3
DA:19,0
DA:20,0
DA:22,0
DA:23,0
DA:25,0
DA:26,0
DA:28,0
DA:30,0
DA:43,0
DA:44,0
DA:51,0
DA:54,0
DA:58,3
DA:59,0
DA:61,0
DA:63,0
DA:67,3
LF:29
LH:12
BRDA:20,0,0,0
BRDA:20,0,1,0
BRDA:23,1,0,0
BRDA:23,1,1,0
BRDA:26,2,0,0
BRDA:26,2,1,0
BRDA:28,3,0,0
BRDA:28,3,1,0
BRDA:61,4,0,0
BRDA:61,4,1,0
BRF:10
BRH:0
end_of_record
TN:
SF:C:\Users\karowrld\fitness-blender\routes\programs.js
FN:7,(anonymous_0)
FN:12,(anonymous_1)
FN:34,(anonymous_2)
FN:57,(anonymous_3)
FN:65,(anonymous_4)
FNF:5
FNH:0
FNDA:0,(anonymous_0)
FNDA:0,(anonymous_1)
FNDA:0,(anonymous_2)
FNDA:0,(anonymous_3)
FNDA:0,(anonymous_4)
DA:1,3
DA:2,3
DA:3,3
DA:4,3
DA:7,3
DA:8,0
DA:9,0
DA:12,3
DA:13,0
DA:14,0
DA:16,0
DA:17,0
DA:19,0
DA:28,0
DA:30,0
DA:34,3
DA:35,0
DA:36,0
DA:38,0
DA:39,0
DA:41,0
DA:52,0
DA:54,0
DA:57,3
DA:58,0
DA:60,0
DA:62,0
DA:65,3
DA:66,0
DA:68,0
DA:70,0
DA:72,3
LF:32
LH:10
BRDA:14,0,0,0
BRDA:14,0,1,0
BRDA:17,1,0,0
BRDA:17,1,1,0
BRDA:36,2,0,0
BRDA:36,2,1,0
BRDA:39,3,0,0
BRDA:39,3,1,0
BRDA:52,4,0,0
BRDA:52,4,1,0
BRDA:60,5,0,0
BRDA:60,5,1,0
BRDA:68,6,0,0
BRDA:68,6,1,0
BRF:14
BRH:0
end_of_record
TN:
SF:C:\Users\karowrld\fitness-blender\routes\returns.js
FN:11,(anonymous_0)
FN:36,validateReturn
FNF:2
FNH:2
FNDA:7,(anonymous_0)
FNDA:9,validateReturn
DA:1,3
DA:2,3
DA:3,3
DA:4,3
DA:5,3
DA:6,3
DA:7,3
DA:8,3
DA:11,3
DA:15,7
DA:19,7
DA:21,6
DA:23,5
DA:24,5
DA:25,5
DA:26,5
DA:28,5
DA:33,5
DA:37,9
DA:42,9
DA:45,3
LF:21
LH:21
BRDA:19,0,0,1
BRDA:19,0,1,6
BRDA:21,1,0,1
BRDA:21,1,1,5
BRF:4
BRH:4
end_of_record
TN:
SF:C:\Users\karowrld\fitness-blender\routes\users.js
FN:10,(anonymous_0)
FN:16,(anonymous_1)
FNF:2
FNH:0
FNDA:0,(anonymous_0)
FNDA:0,(anonymous_1)
DA:1,3
DA:2,3
DA:3,3
DA:4,3
DA:5,3
DA:6,3
DA:7,3
DA:8,3
DA:10,3
DA:11,0
DA:12,0
DA:16,3
DA:17,0
DA:18,0
DA:20,0
DA:21,0
DA:24,0
DA:25,0
DA:26,0
DA:28,0
DA:31,0
DA:32,0
DA:35,3
LF:23
LH:11
BRDA:18,0,0,0
BRDA:18,0,1,0
BRDA:21,1,0,0
BRDA:21,1,1,0
BRF:4
BRH:0
end_of_record
TN:
SF:C:\Users\karowrld\fitness-blender\startup\config.js
FN:3,(anonymous_0)
FNF:1
FNH:1
FNDA:3,(anonymous_0)
DA:1,3
DA:3,3
DA:4,3
DA:5,0
DA:6,0
LF:5
LH:3
BRDA:4,0,0,0
BRDA:4,0,1,3
BRF:2
BRH:1
end_of_record
TN:
SF:C:\Users\karowrld\fitness-blender\startup\db.js
FN:5,(anonymous_0)
FN:8,(anonymous_1)
FNF:2
FNH:2
FNDA:3,(anonymous_0)
FNDA:3,(anonymous_1)
DA:1,3
DA:2,3
DA:3,3
DA:5,3
DA:6,3
DA:7,3
DA:8,3
LF:7
LH:7
BRF:0
BRH:0
end_of_record
TN:
SF:C:\Users\karowrld\fitness-blender\startup\logging.js
FN:6,(anonymous_0)
FN:12,(anonymous_1)
FNF:2
FNH:1
FNDA:3,(anonymous_0)
FNDA:0,(anonymous_1)
DA:1,3
DA:3,3
DA:6,3
DA:8,3
DA:12,3
DA:13,0
DA:16,3
LF:7
LH:6
BRF:0
BRH:0
end_of_record
TN:
SF:C:\Users\karowrld\fitness-blender\startup\prod.js
FN:4,(anonymous_0)
FNF:1
FNH:1
FNDA:3,(anonymous_0)
DA:1,3
DA:2,3
DA:4,3
DA:5,3
DA:6,3
LF:5
LH:5
BRF:0
BRH:0
end_of_record
TN:
SF:C:\Users\karowrld\fitness-blender\startup\routes.js
FN:11,(anonymous_0)
FNF:1
FNH:1
FNDA:3,(anonymous_0)
DA:1,3
DA:2,3
DA:3,3
DA:4,3
DA:5,3
DA:6,3
DA:7,3
DA:8,3
DA:9,3
DA:11,3
DA:12,3
DA:13,3
DA:14,3
DA:15,3
DA:16,3
DA:17,3
DA:18,3
DA:19,3
DA:20,3
LF:19
LH:19
BRF:0
BRH:0
end_of_record
TN:
SF:C:\Users\karowrld\fitness-blender\startup\validation.js
FN:3,(anonymous_0)
FNF:1
FNH:1
FNDA:3,(anonymous_0)
DA:1,3
DA:3,3
DA:4,3
LF:3
LH:3
BRF:0
BRH:0
end_of_record
